<?xml version="1.0" encoding="UTF-8"?>
<!-- Generated by org.testng.reporters.JUnitReportReporter -->
<testsuite skipped="0" hostname="Admin-PC" name="com.test.utils.Login" tests="1" failures="0" timestamp="2022-03-12T08:09:33 IST" time="20.488" errors="0">
  <testcase name="homePage" time="20.488" classname="com.test.utils.Login"/>
  <system-out/>
</testsuite> <!-- com.test.utils.Login -->
