<?xml version="1.0" encoding="UTF-8"?>
<!-- Generated by org.testng.reporters.JUnitReportReporter -->
<testsuite skipped="0" hostname="Admin-PC" name="com.clinigen.test.DemographyPfic" tests="1" failures="0" timestamp="2022-03-22T23:13:14 IST" time="80.038" errors="0">
  <testcase name="baseLineDemography" time="80.038" classname="com.clinigen.test.DemographyPfic"/>
  <system-out/>
</testsuite> <!-- com.clinigen.test.DemographyPfic -->
