<?xml version="1.0" encoding="UTF-8"?>
<!-- Generated by org.testng.reporters.JUnitReportReporter -->
<testsuite skipped="0" hostname="Admin-PC" name="com.clinigen.test.DemographyAlgs" tests="1" failures="0" timestamp="2022-03-16T21:47:06 IST" time="69.217" errors="0">
  <testcase name="baseLineDemography" time="69.217" classname="com.clinigen.test.DemographyAlgs"/>
  <system-out/>
</testsuite> <!-- com.clinigen.test.DemographyAlgs -->
