<?xml version="1.0" encoding="UTF-8"?>
<!-- Generated by org.testng.reporters.JUnitReportReporter -->
<testsuite skipped="0" hostname="Admin-PC" name="com.test.utils.Demography" tests="1" failures="0" timestamp="2022-03-12T15:23:05 IST" time="22.706" errors="0">
  <testcase name="baseLineDemography" time="22.706" classname="com.test.utils.Demography"/>
  <system-out/>
</testsuite> <!-- com.test.utils.Demography -->
